<?xml version="1.0" encoding="UTF-8"?>
<!-- Generated by org.testng.reporters.JUnitReportReporter -->
<testsuite hostname="LAPTOP-N1TLI8FE" failures="0" tests="1" name="com.PageFactory.FactoryCompleteScript" time="17.827" errors="0" timestamp="2022-03-15T14:22:03 IST" skipped="0">
  <testcase classname="com.PageFactory.FactoryCompleteScript" name="FactoryTest" time="17.827"/>
  <system-out/>
</testsuite> <!-- com.PageFactory.FactoryCompleteScript -->
