<?xml version="1.0" encoding="UTF-8"?>
<!-- Generated by org.testng.reporters.JUnitReportReporter -->
<testsuite hostname="LAPTOP-N1TLI8FE" failures="0" tests="1" name="com.PageFactory.PageNavigatePOM" time="14.674" errors="0" timestamp="2022-03-21T23:29:13 IST" skipped="0">
  <testcase classname="com.PageFactory.PageNavigatePOM" name="navigatePOM" time="14.674"/>
  <system-out/>
</testsuite> <!-- com.PageFactory.PageNavigatePOM -->
