<?xml version="1.0" encoding="UTF-8"?>
<!-- Generated by org.testng.reporters.JUnitReportReporter -->
<testsuite hostname="LAPTOP-N1TLI8FE" failures="0" tests="2" name="com.TestNGSampleScripts.DataProviderEx" time="0.025" errors="0" timestamp="2022-03-14T15:41:29 IST" skipped="0">
  <testcase classname="com.TestNGSampleScripts.DataProviderEx" name="providerExample" time="0.019"/>
  <system-out/>
  <testcase classname="com.TestNGSampleScripts.DataProviderEx" name="providerExample" time="0.006"/>
  <system-out/>
</testsuite> <!-- com.TestNGSampleScripts.DataProviderEx -->
