<?xml version="1.0" encoding="UTF-8"?>
<!-- Generated by org.testng.reporters.JUnitReportReporter -->
<testsuite hostname="LAPTOP-N1TLI8FE" failures="0" tests="2" name="com.TestNGSampleScripts.parameter2" time="0.012" errors="0" timestamp="2022-03-14T15:29:31 IST" skipped="0">
  <testcase classname="com.TestNGSampleScripts.parameter2" name="Demo2" time="0.003"/>
  <system-out/>
  <testcase classname="com.TestNGSampleScripts.parameter2" name="Demo2" time="0.009"/>
  <system-out/>
</testsuite> <!-- com.TestNGSampleScripts.parameter2 -->
