<?xml version="1.0" encoding="UTF-8"?>
<!-- Generated by org.testng.reporters.JUnitReportReporter -->
<testsuite hostname="LAPTOP-N1TLI8FE" failures="0" tests="3" name="com.TestNGSampleScripts.Demo4" time="0.025" errors="0" timestamp="2022-03-14T17:00:42 IST" skipped="1">
  <testcase classname="com.TestNGSampleScripts.Demo4" name="MSRTest5" time="0.017"/>
  <system-out/>
  <testcase classname="com.TestNGSampleScripts.Demo4" name="MBLTest5" time="0.008"/>
  <system-out/>
  <testcase classname="com.TestNGSampleScripts.Demo4" name="MBRTest5">
    <skipped/>
  </testcase> <!-- MBRTest5 -->
  <system-out/>
</testsuite> <!-- com.TestNGSampleScripts.Demo4 -->
