<?xml version="1.0" encoding="UTF-8"?>
<!-- Generated by org.testng.reporters.JUnitReportReporter -->
<testsuite hostname="LAPTOP-N1TLI8FE" failures="0" tests="1" name="com.TestNGSampleScripts.ExtentReportsDemo" time="24.080" errors="0" timestamp="2022-03-15T13:12:22 IST" skipped="0">
  <testcase classname="com.TestNGSampleScripts.ExtentReportsDemo" name="InitialDemo" time="24.080"/>
  <system-out/>
</testsuite> <!-- com.TestNGSampleScripts.ExtentReportsDemo -->
