<?xml version="1.0" encoding="UTF-8"?>
<!-- Generated by org.testng.reporters.JUnitReportReporter -->
<testsuite hostname="LAPTOP-N1TLI8FE" failures="0" tests="1" name="com.TestNGSampleScripts.Demo3" time="0.009" errors="0" timestamp="2022-03-14T17:00:42 IST" skipped="0">
  <testcase classname="com.TestNGSampleScripts.Demo3" name="MBRTest3" time="0.009"/>
  <system-out/>
</testsuite> <!-- com.TestNGSampleScripts.Demo3 -->
