<?xml version="1.0" encoding="UTF-8"?>
<!-- Generated by org.testng.reporters.JUnitReportReporter -->
<testsuite hostname="LAPTOP-N1TLI8FE" failures="0" tests="1" name="com.TestNGSampleScripts.LoggerScript" time="0.037" errors="0" timestamp="2022-03-15T11:44:04 IST" skipped="0">
  <testcase classname="com.TestNGSampleScripts.LoggerScript" name="loggerEx" time="0.037"/>
  <system-out/>
</testsuite> <!-- com.TestNGSampleScripts.LoggerScript -->
