<?xml version="1.0" encoding="UTF-8"?>
<!-- Generated by org.testng.reporters.JUnitReportReporter -->
<testsuite hostname="LAPTOP-N1TLI8FE" failures="0" tests="3" name="com.TestNGSampleScripts.Demo2" time="0.017" errors="0" timestamp="2022-03-14T17:14:58 IST" skipped="1">
  <testcase classname="com.TestNGSampleScripts.Demo2" name="MBRTest2" time="0.013"/>
  <system-out/>
  <testcase classname="com.TestNGSampleScripts.Demo2" name="MBRTestOverride" time="0.004"/>
  <system-out/>
  <testcase classname="com.TestNGSampleScripts.Demo2" name="MSRTest2">
    <skipped/>
  </testcase> <!-- MSRTest2 -->
  <system-out/>
</testsuite> <!-- com.TestNGSampleScripts.Demo2 -->
