<?xml version="1.0" encoding="UTF-8"?>
<!-- Generated by org.testng.reporters.JUnitReportReporter -->
<testsuite hostname="LAPTOP-N1TLI8FE" failures="0" tests="1" name="com.PageFactory.CompleteScript" time="23.827" errors="0" timestamp="2022-03-15T13:32:20 IST" skipped="0">
  <testcase classname="com.PageFactory.CompleteScript" name="FactoryScript" time="23.827"/>
  <system-out/>
</testsuite> <!-- com.PageFactory.CompleteScript -->
