<?xml version="1.0" encoding="UTF-8"?>
<!-- Generated by org.testng.reporters.JUnitReportReporter -->
<testsuite hostname="LAPTOP-N1TLI8FE" failures="0" tests="1" name="com.PageFactory.ByCompleteScript" time="20.505" errors="0" timestamp="2022-03-15T14:09:31 IST" skipped="0">
  <testcase classname="com.PageFactory.ByCompleteScript" name="FactoryScript" time="20.505"/>
  <system-out/>
</testsuite> <!-- com.PageFactory.ByCompleteScript -->
