<?xml version="1.0" encoding="UTF-8"?>
<!-- Generated by org.testng.reporters.JUnitReportReporter -->
<testsuite hostname="LAPTOP-N1TLI8FE" failures="0" tests="3" name="com.TestNGSampleScripts.Demo1" time="0.033" errors="0" timestamp="2022-03-19T14:07:31 IST" skipped="0">
  <testcase classname="com.TestNGSampleScripts.Demo1" name="MBLTest" time="0.002"/>
  <system-out/>
  <testcase classname="com.TestNGSampleScripts.Demo1" name="MSRTest" time="0.024"/>
  <system-out/>
  <testcase classname="com.TestNGSampleScripts.Demo1" name="MBRTest" time="0.007"/>
  <system-out/>
</testsuite> <!-- com.TestNGSampleScripts.Demo1 -->
