<?xml version="1.0" encoding="UTF-8"?>
<!-- Generated by org.testng.reporters.JUnitReportReporter -->
<testsuite hostname="LAPTOP-N1TLI8FE" failures="0" tests="1" name="com.SeleniumGrid.SampleChromeScript" time="17.587" errors="0" timestamp="2022-03-14T12:18:00 IST" skipped="0">
  <testcase classname="com.SeleniumGrid.SampleChromeScript" name="GridExample" time="17.587"/>
  <system-out/>
</testsuite> <!-- com.SeleniumGrid.SampleChromeScript -->
