<?xml version="1.0" encoding="UTF-8"?>
<!-- Generated by org.testng.reporters.JUnitReportReporter -->
<testsuite hostname="LAPTOP-N1TLI8FE" failures="0" tests="1" name="com.TestNGSampleScripts.ReadProperties" time="0.043" errors="0" timestamp="2022-03-15T12:48:11 IST" skipped="0">
  <testcase classname="com.TestNGSampleScripts.ReadProperties" name="Reda" time="0.043"/>
  <system-out/>
</testsuite> <!-- com.TestNGSampleScripts.ReadProperties -->
