<?xml version="1.0" encoding="UTF-8"?>
<!-- Generated by org.testng.reporters.JUnitReportReporter -->
<testsuite hostname="LAPTOP-N1TLI8FE" failures="0" tests="3" name="com.TestNGSampleScripts.Demo5" time="0.017" errors="0" timestamp="2022-03-14T17:00:42 IST" skipped="0">
  <testcase classname="com.TestNGSampleScripts.Demo5" name="MSRTest6" time="0.003"/>
  <system-out/>
  <testcase classname="com.TestNGSampleScripts.Demo5" name="MBLTest6" time="0.011"/>
  <system-out/>
  <testcase classname="com.TestNGSampleScripts.Demo5" name="MBRTest6" time="0.003"/>
  <system-out/>
</testsuite> <!-- com.TestNGSampleScripts.Demo5 -->
