<?xml version="1.0" encoding="UTF-8"?>
<!-- Generated by org.testng.reporters.JUnitReportReporter -->
<testsuite hostname="LAPTOP-N1TLI8FE" failures="0" tests="3" name="com.TestNGSampleScripts.Demo1" time="0.035" errors="0" timestamp="2022-03-15T18:01:36 IST" skipped="0">
  <testcase classname="com.TestNGSampleScripts.Demo1" name="MBLTest" time="0.005"/>
  <system-out/>
  <testcase classname="com.TestNGSampleScripts.Demo1" name="MSRTest" time="0.026"/>
  <system-out/>
  <testcase classname="com.TestNGSampleScripts.Demo1" name="MBRTest" time="0.004"/>
  <system-out/>
</testsuite> <!-- com.TestNGSampleScripts.Demo1 -->
