<?xml version="1.0" encoding="UTF-8"?>
<!-- Generated by org.testng.reporters.JUnitReportReporter -->
<testsuite hostname="LAPTOP-N1TLI8FE" failures="0" tests="3" name="com.dataTable.TestRunner" time="45.316" errors="0" timestamp="2022-02-24T20:18:40 IST" skipped="0">
  <testcase classname="com.dataTable.TestRunner" name="runScenario" time="13.300"/>
  <system-out/>
  <testcase classname="com.dataTable.TestRunner" name="runScenario" time="13.139"/>
  <system-out/>
  <testcase classname="com.dataTable.TestRunner" name="runScenario" time="18.877"/>
  <system-out/>
</testsuite> <!-- com.dataTable.TestRunner -->
