<?xml version="1.0" encoding="UTF-8"?>
<!-- Generated by org.testng.reporters.JUnitReportReporter -->
<testsuite hostname="LAPTOP-N1TLI8FE" failures="0" tests="1" name="com.Baisc.TestRunner" time="13.949" errors="0" timestamp="2022-02-24T18:01:54 IST" skipped="0">
  <testcase classname="com.Baisc.TestRunner" name="runScenario" time="13.949"/>
  <system-out/>
</testsuite> <!-- com.Baisc.TestRunner -->
