<?xml version="1.0" encoding="UTF-8"?>
<!-- Generated by org.testng.reporters.JUnitReportReporter -->
<testsuite hostname="LAPTOP-N1TLI8FE" failures="0" tests="3" name="com.ExamplesData.TestRunner" time="47.494" errors="0" timestamp="2022-02-25T02:28:54 IST" skipped="0">
  <testcase classname="com.ExamplesData.TestRunner" name="runScenario" time="14.996"/>
  <system-out/>
  <testcase classname="com.ExamplesData.TestRunner" name="runScenario" time="14.712"/>
  <system-out/>
  <testcase classname="com.ExamplesData.TestRunner" name="runScenario" time="17.786"/>
  <system-out/>
</testsuite> <!-- com.ExamplesData.TestRunner -->
