<?xml version="1.0" encoding="UTF-8"?>
<!-- Generated by org.testng.reporters.JUnitReportReporter -->
<testsuite hostname="LAPTOP-N1TLI8FE" failures="0" tests="1" name="com.HooksTags.TestRunner" time="20.707" errors="0" timestamp="2022-03-03T12:43:10 IST" skipped="0">
  <testcase classname="com.HooksTags.TestRunner" name="runScenario" time="20.707"/>
  <system-out/>
</testsuite> <!-- com.HooksTags.TestRunner -->
