<?xml version="1.0" encoding="UTF-8"?>
<!-- Generated by org.testng.reporters.JUnitReportReporter -->
<testsuite hostname="LAPTOP-N1TLI8FE" failures="0" tests="2" name="com.cucumber.TestRunner" time="58.597" errors="0" timestamp="2022-02-24T18:07:08 IST" skipped="0">
  <testcase classname="com.cucumber.TestRunner" name="runScenario" time="34.858"/>
  <system-out/>
  <testcase classname="com.cucumber.TestRunner" name="runScenario" time="23.739"/>
  <system-out/>
</testsuite> <!-- com.cucumber.TestRunner -->
