<?xml version="1.0" encoding="UTF-8"?>
<!-- Generated by org.testng.reporters.JUnitReportReporter -->
<testsuite hostname="LAPTOP-N1TLI8FE" failures="0" tests="3" name="com.valuesByFile.TestRunner" time="45.005" errors="0" timestamp="2022-02-24T19:34:38 IST" skipped="0">
  <testcase classname="com.valuesByFile.TestRunner" name="runScenario" time="13.865"/>
  <system-out/>
  <testcase classname="com.valuesByFile.TestRunner" name="runScenario" time="18.142"/>
  <system-out/>
  <testcase classname="com.valuesByFile.TestRunner" name="runScenario" time="12.998"/>
  <system-out/>
</testsuite> <!-- com.valuesByFile.TestRunner -->
