<?xml version="1.0" encoding="UTF-8"?>
<!-- Generated by org.testng.reporters.JUnitReportReporter -->
<testsuite hostname="LAPTOP-N1TLI8FE" failures="0" tests="1" name="com.Multicucumber.TestRunner" time="18.525" errors="0" timestamp="2022-02-24T18:31:04 IST" skipped="0">
  <testcase classname="com.Multicucumber.TestRunner" name="runScenario" time="18.525"/>
  <system-out/>
</testsuite> <!-- com.Multicucumber.TestRunner -->
