<?xml version="1.0" encoding="UTF-8"?>
<!-- Generated by org.testng.reporters.JUnitReportReporter -->
<testsuite hostname="LAPTOP-N1TLI8FE" failures="0" tests="1" name="com.Baisc.TestRunner" time="10.848" errors="0" timestamp="2022-03-10T22:28:53 IST" skipped="0">
  <testcase classname="com.Baisc.TestRunner" name="runScenario" time="10.848"/>
  <system-out/>
</testsuite> <!-- com.Baisc.TestRunner -->
