<?xml version="1.0" encoding="UTF-8"?>
<!-- Generated by org.testng.reporters.JUnitReportReporter -->
<testsuite hostname="LAPTOP-N1TLI8FE" failures="0" tests="4" name="com.testNG.ParameterisedScipt" time="36.833" errors="0" timestamp="2022-02-25T02:14:59 IST" skipped="0">
  <testcase classname="com.testNG.ParameterisedScipt" name="CHYDtoChn" time="7.821"/>
  <system-out/>
  <testcase classname="com.testNG.ParameterisedScipt" name="AHYDtoVJY" time="7.579"/>
  <system-out/>
  <testcase classname="com.testNG.ParameterisedScipt" name="AHYDtoVJY" time="12.463"/>
  <system-out/>
  <testcase classname="com.testNG.ParameterisedScipt" name="CHYDtoChn" time="8.970"/>
  <system-out/>
</testsuite> <!-- com.testNG.ParameterisedScipt -->
