<?xml version="1.0" encoding="UTF-8"?>
<!-- Generated by org.testng.reporters.JUnitReportReporter -->
<testsuite hostname="LAPTOP-N1TLI8FE" failures="0" tests="2" name="com.POMwithoutFactory.POMScript" time="22.500" errors="0" timestamp="2022-02-23T19:38:17 IST" skipped="0">
  <testcase classname="com.POMwithoutFactory.POMScript" name="apsrtc" time="11.749"/>
  <system-out/>
  <testcase classname="com.POMwithoutFactory.POMScript" name="apsrtc" time="10.751"/>
  <system-out/>
</testsuite> <!-- com.POMwithoutFactory.POMScript -->
