<?xml version="1.0" encoding="UTF-8"?>
<!-- Generated by org.testng.reporters.JUnitReportReporter -->
<testsuite hostname="LAPTOP-N1TLI8FE" failures="0" tests="4" name="com.testNG.APSRTCSCript" time="71.024" errors="0" timestamp="2022-02-23T20:34:38 IST" skipped="1">
  <testcase classname="com.testNG.APSRTCSCript" name="AHYDtoVJY" time="23.391"/>
  <system-out/>
  <testcase classname="com.testNG.APSRTCSCript" name="BHYdtoBngl" time="23.503"/>
  <system-out/>
  <testcase classname="com.testNG.APSRTCSCript" name="BHYdtoBngl" time="24.130"/>
  <system-out/>
  <testcase classname="com.testNG.APSRTCSCript" name="CHYDtoChn">
    <skipped/>
  </testcase> <!-- CHYDtoChn -->
  <system-out/>
</testsuite> <!-- com.testNG.APSRTCSCript -->
