<?xml version="1.0" encoding="UTF-8"?>
<!-- Generated by org.testng.reporters.JUnitReportReporter -->
<testsuite hostname="LAPTOP-N1TLI8FE" failures="0" tests="2" name="com.DataDriven.DataDrivenScript" time="29.075" errors="0" timestamp="2022-02-23T19:42:54 IST" skipped="0">
  <testcase classname="com.DataDriven.DataDrivenScript" name="dataDriven" time="16.202"/>
  <system-out/>
  <testcase classname="com.DataDriven.DataDrivenScript" name="dataDriven" time="12.873"/>
  <system-out/>
</testsuite> <!-- com.DataDriven.DataDrivenScript -->
