<?xml version="1.0" encoding="UTF-8"?>
<!-- Generated by org.testng.reporters.JUnitReportReporter -->
<testsuite hostname="LAPTOP-N1TLI8FE" failures="0" tests="1" name="com.testNG.TESTNGASSERT" time="7.776" errors="0" timestamp="2022-02-21T18:29:35 IST" skipped="0">
  <testcase classname="com.testNG.TESTNGASSERT" name="testngassert" time="7.776"/>
  <system-out/>
</testsuite> <!-- com.testNG.TESTNGASSERT -->
