<?xml version="1.0" encoding="UTF-8"?>
<!-- Generated by org.testng.reporters.JUnitReportReporter -->
<testsuite hostname="LAPTOP-N1TLI8FE" failures="0" tests="2" name="com.DataDriven.ExcelDataDriven" time="28.214" errors="0" timestamp="2022-02-23T16:20:58 IST" skipped="0">
  <testcase classname="com.DataDriven.ExcelDataDriven" name="dataDriven" time="15.043"/>
  <system-out/>
  <testcase classname="com.DataDriven.ExcelDataDriven" name="dataDriven" time="13.171"/>
  <system-out/>
</testsuite> <!-- com.DataDriven.ExcelDataDriven -->
