<?xml version="1.0" encoding="UTF-8"?>
<!-- Generated by org.testng.reporters.JUnitReportReporter -->
<testsuite hostname="LAPTOP-N1TLI8FE" failures="0" tests="1" name="com.automation.TestNGScipts.Facebook" time="3.504" errors="0" timestamp="2022-02-03T17:34:03 IST" skipped="0">
  <testcase classname="com.automation.TestNGScipts.Facebook" name="account" time="3.504"/>
  <system-out/>
</testsuite> <!-- com.automation.TestNGScipts.Facebook -->
