<?xml version="1.0" encoding="UTF-8"?>
<!-- Generated by org.testng.reporters.JUnitReportReporter -->
<testsuite hostname="LAPTOP-N1TLI8FE" failures="0" tests="4" name="com.testNG.ParameterisedScipt" time="120.494" errors="0" timestamp="2022-02-23T18:31:52 IST" skipped="0">
  <testcase classname="com.testNG.ParameterisedScipt" name="CHYDtoChn" time="10.629"/>
  <system-out/>
  <testcase classname="com.testNG.ParameterisedScipt" name="AHYDtoVJY" time="23.560"/>
  <system-out/>
  <testcase classname="com.testNG.ParameterisedScipt" name="AHYDtoVJY" time="18.767"/>
  <system-out/>
  <testcase classname="com.testNG.ParameterisedScipt" name="CHYDtoChn" time="67.538"/>
  <system-out/>
</testsuite> <!-- com.testNG.ParameterisedScipt -->
