<?xml version="1.0" encoding="UTF-8"?>
<!-- Generated by org.testng.reporters.JUnitReportReporter -->
<testsuite hostname="LAPTOP-N1TLI8FE" failures="0" tests="1" name="com.testNG.TC03_HYDtoBanglore" time="39.572" errors="0" timestamp="2022-02-24T11:25:50 IST" skipped="0">
  <testcase classname="com.testNG.TC03_HYDtoBanglore" name="BHYdtoBngl" time="39.572"/>
  <system-out/>
</testsuite> <!-- com.testNG.TC03_HYDtoBanglore -->
