<?xml version="1.0" encoding="UTF-8"?>
<!-- Generated by org.testng.reporters.JUnitReportReporter -->
<testsuite hostname="LAPTOP-N1TLI8FE" failures="0" tests="2" name="com.Hybrid.HybridScript" time="17.006" errors="0" timestamp="2022-02-23T19:56:42 IST" skipped="0">
  <testcase classname="com.Hybrid.HybridScript" name="CHYDtoChn" time="7.016"/>
  <system-out/>
  <testcase classname="com.Hybrid.HybridScript" name="CHYDtoChn" time="9.990"/>
  <system-out/>
</testsuite> <!-- com.Hybrid.HybridScript -->
