<?xml version="1.0" encoding="UTF-8"?>
<!-- Generated by org.testng.reporters.JUnitReportReporter -->
<testsuite hostname="LAPTOP-N1TLI8FE" failures="0" tests="4" name="com.testNG.PrmtzdWithDataProvider" time="51.762" errors="0" timestamp="2022-02-21T20:42:08 IST" skipped="0">
  <testcase classname="com.testNG.PrmtzdWithDataProvider" name="Prmtzddataprovider" time="15.168"/>
  <system-out/>
  <testcase classname="com.testNG.PrmtzdWithDataProvider" name="Prmtzddataprovider" time="14.634"/>
  <system-out/>
  <testcase classname="com.testNG.PrmtzdWithDataProvider" name="Prmtzddataprovider" time="12.752"/>
  <system-out/>
  <testcase classname="com.testNG.PrmtzdWithDataProvider" name="Prmtzddataprovider" time="9.208"/>
  <system-out/>
</testsuite> <!-- com.testNG.PrmtzdWithDataProvider -->
