<?xml version="1.0" encoding="UTF-8"?>
<!-- Generated by org.testng.reporters.JUnitReportReporter -->
<testsuite hostname="LAPTOP-N1TLI8FE" failures="0" tests="1" name="com.testNG.TC01_HYDtoVJY" time="80.824" errors="0" timestamp="2022-02-23T19:37:20 IST" skipped="0">
  <testcase classname="com.testNG.TC01_HYDtoVJY" name="AHYDtoVJY" time="80.824"/>
  <system-out/>
</testsuite> <!-- com.testNG.TC01_HYDtoVJY -->
