<?xml version="1.0" encoding="UTF-8"?>
<!-- Generated by org.testng.reporters.JUnitReportReporter -->
<testsuite hostname="LAPTOP-N1TLI8FE" failures="0" tests="2" name="com.testNG.ParameterisedScipt" time="43.203" errors="0" timestamp="2022-02-23T22:48:34 IST" skipped="0">
  <testcase classname="com.testNG.ParameterisedScipt" name="CHYDtoChn" time="32.025"/>
  <system-out/>
  <testcase classname="com.testNG.ParameterisedScipt" name="AHYDtoVJY" time="11.178"/>
  <system-out/>
</testsuite> <!-- com.testNG.ParameterisedScipt -->
