<?xml version="1.0" encoding="UTF-8"?>
<!-- Generated by org.testng.reporters.JUnitReportReporter -->
<testsuite hostname="LAPTOP-N1TLI8FE" failures="0" tests="1" name="com.TestClass" time="0.000" errors="0" timestamp="2022-02-23T16:10:34 IST" skipped="1">
  <testcase classname="com.TestClass" name="Test" time="0.000">
    <skipped/>
  </testcase> <!-- Test -->
  <system-out/>
</testsuite> <!-- com.TestClass -->
