<?xml version="1.0" encoding="UTF-8"?>
<!-- Generated by org.testng.reporters.JUnitReportReporter -->
<testsuite hostname="LAPTOP-N1TLI8FE" failures="0" tests="1" name="com.testNG.DataProviderTest" time="7.513" errors="0" timestamp="2022-02-23T22:19:09 IST" skipped="0">
  <testcase classname="com.testNG.DataProviderTest" name="AHYDtoVJY" time="7.513"/>
  <system-out/>
</testsuite> <!-- com.testNG.DataProviderTest -->
