<?xml version="1.0" encoding="UTF-8"?>
<!-- Generated by org.testng.reporters.JUnitReportReporter -->
<testsuite hostname="LAPTOP-N1TLI8FE" failures="0" tests="2" name="com.POMwithFactory.POMScript" time="21.887" errors="0" timestamp="2022-02-22T12:29:25 IST" skipped="0">
  <testcase classname="com.POMwithFactory.POMScript" name="apsrtc" time="14.357"/>
  <system-out/>
  <testcase classname="com.POMwithFactory.POMScript" name="apsrtc" time="7.530"/>
  <system-out/>
</testsuite> <!-- com.POMwithFactory.POMScript -->
