<?xml version="1.0" encoding="UTF-8"?>
<!-- Generated by org.testng.reporters.JUnitReportReporter -->
<testsuite hostname="LAPTOP-N1TLI8FE" failures="0" tests="1" name="com.Basic" time="20.430" errors="0" timestamp="2022-02-23T19:30:53 IST" skipped="0">
  <testcase classname="com.Basic" name="basictest" time="20.430"/>
  <system-out/>
</testsuite> <!-- com.Basic -->
