<?xml version="1.0" encoding="UTF-8"?>
<!-- Generated by org.testng.reporters.JUnitReportReporter -->
<testsuite hostname="LAPTOP-N1TLI8FE" failures="0" tests="2" name="com.DataDriven.DataDrivenScript" time="50.392" errors="0" timestamp="2022-02-24T11:50:04 IST" skipped="0">
  <testcase classname="com.DataDriven.DataDrivenScript" name="dataDriven" time="30.476"/>
  <system-out/>
  <testcase classname="com.DataDriven.DataDrivenScript" name="dataDriven" time="19.916"/>
  <system-out/>
</testsuite> <!-- com.DataDriven.DataDrivenScript -->
