<?xml version="1.0" encoding="UTF-8"?>
<!-- Generated by org.testng.reporters.JUnitReportReporter -->
<testsuite hostname="LAPTOP-N1TLI8FE" failures="0" tests="1" name="com.Basic2" time="0.075" errors="0" timestamp="2022-03-19T14:06:44 IST" skipped="0">
  <testcase classname="com.Basic2" name="akki" time="0.075"/>
  <system-out/>
</testsuite> <!-- com.Basic2 -->
