<?xml version="1.0" encoding="UTF-8"?>
<!-- Generated by org.testng.reporters.JUnitReportReporter -->
<testsuite hostname="LAPTOP-N1TLI8FE" failures="0" tests="4" name="com.testNG.APSRTCSCript" time="66.525" errors="0" timestamp="2022-02-23T19:32:57 IST" skipped="1">
  <testcase classname="com.testNG.APSRTCSCript" name="AHYDtoVJY" time="30.120"/>
  <system-out/>
  <testcase classname="com.testNG.APSRTCSCript" name="BHYdtoBngl" time="19.358"/>
  <system-out/>
  <testcase classname="com.testNG.APSRTCSCript" name="BHYdtoBngl" time="17.047"/>
  <system-out/>
  <testcase classname="com.testNG.APSRTCSCript" name="CHYDtoChn">
    <skipped/>
  </testcase> <!-- CHYDtoChn -->
  <system-out/>
</testsuite> <!-- com.testNG.APSRTCSCript -->
