<?xml version="1.0" encoding="UTF-8"?>
<!-- Generated by org.testng.reporters.JUnitReportReporter -->
<testsuite hostname="LAPTOP-N1TLI8FE" failures="0" tests="1" name="com.testNG.TC03_HYDtoBanglore" time="23.979" errors="0" timestamp="2022-02-23T19:37:20 IST" skipped="0">
  <testcase classname="com.testNG.TC03_HYDtoBanglore" name="BHYdtoBngl" time="23.979"/>
  <system-out/>
</testsuite> <!-- com.testNG.TC03_HYDtoBanglore -->
